<?xml version="1.0" encoding="UTF-8"?>
<testsuite xmlns:xsi="http://www.w3.org/2001/XMLSchema-instance" xsi:noNamespaceSchemaLocation="https://maven.apache.org/surefire/maven-surefire-plugin/xsd/surefire-test-report-3.0.xsd" version="3.0" name="TestSuite" time="552.659" tests="8" errors="0" skipped="0" failures="0">
  <properties>
    <property name="java.specification.version" value="21"/>
    <property name="sun.cpu.isalist" value="amd64"/>
    <property name="sun.jnu.encoding" value="Cp1252"/>
    <property name="testng.Skipped" value="0"/>
    <property name="java.class.path" value="C:\Users\M.Sajin Anto\eclipse-workspace\Bunnycart\target\test-classes;C:\Users\M.Sajin Anto\eclipse-workspace\Bunnycart\target\classes;C:\Users\M.Sajin Anto\.m2\repository\org\seleniumhq\selenium\selenium-java\4.29.0\selenium-java-4.29.0.jar;C:\Users\M.Sajin Anto\.m2\repository\org\seleniumhq\selenium\selenium-api\4.29.0\selenium-api-4.29.0.jar;C:\Users\M.Sajin Anto\.m2\repository\org\jspecify\jspecify\1.0.0\jspecify-1.0.0.jar;C:\Users\M.Sajin Anto\.m2\repository\org\seleniumhq\selenium\selenium-chrome-driver\4.29.0\selenium-chrome-driver-4.29.0.jar;C:\Users\M.Sajin Anto\.m2\repository\com\google\auto\service\auto-service-annotations\1.1.1\auto-service-annotations-1.1.1.jar;C:\Users\M.Sajin Anto\.m2\repository\org\seleniumhq\selenium\selenium-chromium-driver\4.29.0\selenium-chromium-driver-4.29.0.jar;C:\Users\M.Sajin Anto\.m2\repository\org\seleniumhq\selenium\selenium-json\4.29.0\selenium-json-4.29.0.jar;C:\Users\M.Sajin Anto\.m2\repository\org\seleniumhq\selenium\selenium-manager\4.29.0\selenium-manager-4.29.0.jar;C:\Users\M.Sajin Anto\.m2\repository\org\seleniumhq\selenium\selenium-devtools-v131\4.29.0\selenium-devtools-v131-4.29.0.jar;C:\Users\M.Sajin Anto\.m2\repository\org\seleniumhq\selenium\selenium-devtools-v132\4.29.0\selenium-devtools-v132-4.29.0.jar;C:\Users\M.Sajin Anto\.m2\repository\org\seleniumhq\selenium\selenium-devtools-v133\4.29.0\selenium-devtools-v133-4.29.0.jar;C:\Users\M.Sajin Anto\.m2\repository\org\seleniumhq\selenium\selenium-devtools-v85\4.29.0\selenium-devtools-v85-4.29.0.jar;C:\Users\M.Sajin Anto\.m2\repository\org\seleniumhq\selenium\selenium-edge-driver\4.29.0\selenium-edge-driver-4.29.0.jar;C:\Users\M.Sajin Anto\.m2\repository\org\seleniumhq\selenium\selenium-firefox-driver\4.29.0\selenium-firefox-driver-4.29.0.jar;C:\Users\M.Sajin Anto\.m2\repository\org\seleniumhq\selenium\selenium-http\4.29.0\selenium-http-4.29.0.jar;C:\Users\M.Sajin Anto\.m2\repository\org\seleniumhq\selenium\selenium-ie-driver\4.29.0\selenium-ie-driver-4.29.0.jar;C:\Users\M.Sajin Anto\.m2\repository\org\seleniumhq\selenium\selenium-remote-driver\4.29.0\selenium-remote-driver-4.29.0.jar;C:\Users\M.Sajin Anto\.m2\repository\io\opentelemetry\semconv\opentelemetry-semconv\1.28.0-alpha\opentelemetry-semconv-1.28.0-alpha.jar;C:\Users\M.Sajin Anto\.m2\repository\io\opentelemetry\opentelemetry-api\1.46.0\opentelemetry-api-1.46.0.jar;C:\Users\M.Sajin Anto\.m2\repository\io\opentelemetry\opentelemetry-context\1.46.0\opentelemetry-context-1.46.0.jar;C:\Users\M.Sajin Anto\.m2\repository\io\opentelemetry\opentelemetry-exporter-logging\1.46.0\opentelemetry-exporter-logging-1.46.0.jar;C:\Users\M.Sajin Anto\.m2\repository\io\opentelemetry\opentelemetry-sdk-common\1.46.0\opentelemetry-sdk-common-1.46.0.jar;C:\Users\M.Sajin Anto\.m2\repository\io\opentelemetry\opentelemetry-sdk-extension-autoconfigure-spi\1.46.0\opentelemetry-sdk-extension-autoconfigure-spi-1.46.0.jar;C:\Users\M.Sajin Anto\.m2\repository\io\opentelemetry\opentelemetry-sdk-extension-autoconfigure\1.46.0\opentelemetry-sdk-extension-autoconfigure-1.46.0.jar;C:\Users\M.Sajin Anto\.m2\repository\io\opentelemetry\opentelemetry-api-incubator\1.46.0-alpha\opentelemetry-api-incubator-1.46.0-alpha.jar;C:\Users\M.Sajin Anto\.m2\repository\io\opentelemetry\opentelemetry-sdk-trace\1.46.0\opentelemetry-sdk-trace-1.46.0.jar;C:\Users\M.Sajin Anto\.m2\repository\io\opentelemetry\opentelemetry-sdk\1.46.0\opentelemetry-sdk-1.46.0.jar;C:\Users\M.Sajin Anto\.m2\repository\io\opentelemetry\opentelemetry-sdk-metrics\1.46.0\opentelemetry-sdk-metrics-1.46.0.jar;C:\Users\M.Sajin Anto\.m2\repository\io\opentelemetry\opentelemetry-sdk-logs\1.46.0\opentelemetry-sdk-logs-1.46.0.jar;C:\Users\M.Sajin Anto\.m2\repository\net\bytebuddy\byte-buddy\1.15.11\byte-buddy-1.15.11.jar;C:\Users\M.Sajin Anto\.m2\repository\org\seleniumhq\selenium\selenium-os\4.29.0\selenium-os-4.29.0.jar;C:\Users\M.Sajin Anto\.m2\repository\org\apache\commons\commons-exec\1.4.0\commons-exec-1.4.0.jar;C:\Users\M.Sajin Anto\.m2\repository\org\seleniumhq\selenium\selenium-safari-driver\4.29.0\selenium-safari-driver-4.29.0.jar;C:\Users\M.Sajin Anto\.m2\repository\org\seleniumhq\selenium\selenium-support\4.29.0\selenium-support-4.29.0.jar;C:\Users\M.Sajin Anto\.m2\repository\org\testng\testng\7.10.0\testng-7.10.0.jar;C:\Users\M.Sajin Anto\.m2\repository\org\slf4j\slf4j-api\1.7.36\slf4j-api-1.7.36.jar;C:\Users\M.Sajin Anto\.m2\repository\com\beust\jcommander\1.82\jcommander-1.82.jar;C:\Users\M.Sajin Anto\.m2\repository\org\webjars\jquery\3.7.1\jquery-3.7.1.jar;C:\Users\M.Sajin Anto\.m2\repository\org\apache\poi\poi\5.3.0\poi-5.3.0.jar;C:\Users\M.Sajin Anto\.m2\repository\commons-codec\commons-codec\1.17.0\commons-codec-1.17.0.jar;C:\Users\M.Sajin Anto\.m2\repository\org\apache\commons\commons-collections4\4.4\commons-collections4-4.4.jar;C:\Users\M.Sajin Anto\.m2\repository\org\apache\commons\commons-math3\3.6.1\commons-math3-3.6.1.jar;C:\Users\M.Sajin Anto\.m2\repository\commons-io\commons-io\2.16.1\commons-io-2.16.1.jar;C:\Users\M.Sajin Anto\.m2\repository\com\zaxxer\SparseBitSet\1.3\SparseBitSet-1.3.jar;C:\Users\M.Sajin Anto\.m2\repository\org\apache\logging\log4j\log4j-api\2.23.1\log4j-api-2.23.1.jar;C:\Users\M.Sajin Anto\.m2\repository\org\apache\poi\poi-ooxml\5.3.0\poi-ooxml-5.3.0.jar;C:\Users\M.Sajin Anto\.m2\repository\org\apache\poi\poi-ooxml-lite\5.3.0\poi-ooxml-lite-5.3.0.jar;C:\Users\M.Sajin Anto\.m2\repository\org\apache\xmlbeans\xmlbeans\5.2.1\xmlbeans-5.2.1.jar;C:\Users\M.Sajin Anto\.m2\repository\org\apache\commons\commons-compress\1.26.2\commons-compress-1.26.2.jar;C:\Users\M.Sajin Anto\.m2\repository\org\apache\commons\commons-lang3\3.14.0\commons-lang3-3.14.0.jar;C:\Users\M.Sajin Anto\.m2\repository\com\github\virtuald\curvesapi\1.08\curvesapi-1.08.jar;C:\Users\M.Sajin Anto\.m2\repository\com\github\sdrss\reportng\2.7.0\reportng-2.7.0.jar;C:\Users\M.Sajin Anto\.m2\repository\velocity\velocity\1.5\velocity-1.5.jar;C:\Users\M.Sajin Anto\.m2\repository\commons-collections\commons-collections\3.1\commons-collections-3.1.jar;C:\Users\M.Sajin Anto\.m2\repository\commons-lang\commons-lang\2.1\commons-lang-2.1.jar;C:\Users\M.Sajin Anto\.m2\repository\oro\oro\2.0.8\oro-2.0.8.jar;C:\Users\M.Sajin Anto\.m2\repository\com\fasterxml\jackson\core\jackson-core\2.10.1\jackson-core-2.10.1.jar;C:\Users\M.Sajin Anto\.m2\repository\com\fasterxml\jackson\core\jackson-databind\2.12.7.1\jackson-databind-2.12.7.1.jar;C:\Users\M.Sajin Anto\.m2\repository\com\fasterxml\jackson\core\jackson-annotations\2.10.1\jackson-annotations-2.10.1.jar;C:\Users\M.Sajin Anto\.m2\repository\com\google\inject\guice\7.0.0\guice-7.0.0.jar;C:\Users\M.Sajin Anto\.m2\repository\jakarta\inject\jakarta.inject-api\2.0.1\jakarta.inject-api-2.0.1.jar;C:\Users\M.Sajin Anto\.m2\repository\aopalliance\aopalliance\1.0\aopalliance-1.0.jar;C:\Users\M.Sajin Anto\.m2\repository\com\google\guava\guava\31.0.1-jre\guava-31.0.1-jre.jar;C:\Users\M.Sajin Anto\.m2\repository\com\google\guava\failureaccess\1.0.1\failureaccess-1.0.1.jar;C:\Users\M.Sajin Anto\.m2\repository\com\google\guava\listenablefuture\9999.0-empty-to-avoid-conflict-with-guava\listenablefuture-9999.0-empty-to-avoid-conflict-with-guava.jar;C:\Users\M.Sajin Anto\.m2\repository\com\google\code\findbugs\jsr305\3.0.2\jsr305-3.0.2.jar;C:\Users\M.Sajin Anto\.m2\repository\org\checkerframework\checker-qual\3.12.0\checker-qual-3.12.0.jar;C:\Users\M.Sajin Anto\.m2\repository\com\google\errorprone\error_prone_annotations\2.7.1\error_prone_annotations-2.7.1.jar;C:\Users\M.Sajin Anto\.m2\repository\com\google\j2objc\j2objc-annotations\1.3\j2objc-annotations-1.3.jar;C:\Users\M.Sajin Anto\.m2\repository\com\aventstack\extentreports\5.1.2\extentreports-5.1.2.jar;C:\Users\M.Sajin Anto\.m2\repository\io\reactivex\rxjava3\rxjava\3.1.6\rxjava-3.1.6.jar;C:\Users\M.Sajin Anto\.m2\repository\org\reactivestreams\reactive-streams\1.0.4\reactive-streams-1.0.4.jar;C:\Users\M.Sajin Anto\.m2\repository\org\freemarker\freemarker\2.3.32\freemarker-2.3.32.jar;C:\Users\M.Sajin Anto\.m2\repository\org\projectlombok\lombok\1.18.26\lombok-1.18.26.jar;C:\Users\M.Sajin Anto\.m2\repository\com\google\code\gson\gson\2.10.1\gson-2.10.1.jar;C:\Users\M.Sajin Anto\.m2\repository\io\qameta\allure\allure-testng\2.29.0\allure-testng-2.29.0.jar;C:\Users\M.Sajin Anto\.m2\repository\io\qameta\allure\allure-java-commons\2.29.0\allure-java-commons-2.29.0.jar;C:\Users\M.Sajin Anto\.m2\repository\io\qameta\allure\allure-model\2.29.0\allure-model-2.29.0.jar;C:\Users\M.Sajin Anto\.m2\repository\io\qameta\allure\allure-test-filter\2.29.0\allure-test-filter-2.29.0.jar;C:\Users\M.Sajin Anto\.m2\repository\io\cucumber\cucumber-java\7.21.1\cucumber-java-7.21.1.jar;C:\Users\M.Sajin Anto\.m2\repository\org\apiguardian\apiguardian-api\1.1.2\apiguardian-api-1.1.2.jar;C:\Users\M.Sajin Anto\.m2\repository\io\cucumber\cucumber-picocontainer\7.21.1\cucumber-picocontainer-7.21.1.jar;C:\Users\M.Sajin Anto\.m2\repository\org\picocontainer\picocontainer\2.15\picocontainer-2.15.jar;C:\Users\M.Sajin Anto\.m2\repository\io\cucumber\cucumber-core\7.21.1\cucumber-core-7.21.1.jar;C:\Users\M.Sajin Anto\.m2\repository\io\cucumber\cucumber-gherkin\7.21.1\cucumber-gherkin-7.21.1.jar;C:\Users\M.Sajin Anto\.m2\repository\io\cucumber\cucumber-gherkin-messages\7.21.1\cucumber-gherkin-messages-7.21.1.jar;C:\Users\M.Sajin Anto\.m2\repository\io\cucumber\messages\27.2.0\messages-27.2.0.jar;C:\Users\M.Sajin Anto\.m2\repository\io\cucumber\testng-xml-formatter\0.3.1\testng-xml-formatter-0.3.1.jar;C:\Users\M.Sajin Anto\.m2\repository\io\cucumber\query\13.2.0\query-13.2.0.jar;C:\Users\M.Sajin Anto\.m2\repository\io\cucumber\tag-expressions\6.1.2\tag-expressions-6.1.2.jar;C:\Users\M.Sajin Anto\.m2\repository\io\cucumber\cucumber-expressions\18.0.1\cucumber-expressions-18.0.1.jar;C:\Users\M.Sajin Anto\.m2\repository\io\cucumber\datatable\7.21.1\datatable-7.21.1.jar;C:\Users\M.Sajin Anto\.m2\repository\io\cucumber\cucumber-plugin\7.21.1\cucumber-plugin-7.21.1.jar;C:\Users\M.Sajin Anto\.m2\repository\io\cucumber\docstring\7.21.1\docstring-7.21.1.jar;C:\Users\M.Sajin Anto\.m2\repository\io\cucumber\html-formatter\21.9.0\html-formatter-21.9.0.jar;C:\Users\M.Sajin Anto\.m2\repository\io\cucumber\junit-xml-formatter\0.7.1\junit-xml-formatter-0.7.1.jar;C:\Users\M.Sajin Anto\.m2\repository\io\cucumber\ci-environment\10.0.1\ci-environment-10.0.1.jar;C:\Users\M.Sajin Anto\.m2\repository\io\cucumber\cucumber-testng\7.21.1\cucumber-testng-7.21.1.jar;C:\Users\M.Sajin Anto\.m2\repository\io\cucumber\gherkin\32.0.0\gherkin-32.0.0.jar;C:\Users\M.Sajin Anto\.m2\repository\io\cucumber\cucumber-junit\7.21.1\cucumber-junit-7.21.1.jar;C:\Users\M.Sajin Anto\.m2\repository\junit\junit\4.13.2\junit-4.13.2.jar;C:\Users\M.Sajin Anto\.m2\repository\org\hamcrest\hamcrest-core\1.3\hamcrest-core-1.3.jar;C:\Users\M.Sajin Anto\.m2\repository\org\slf4j\slf4j-simple\2.0.9\slf4j-simple-2.0.9.jar;"/>
    <property name="java.vm.vendor" value="Oracle Corporation"/>
    <property name="sun.arch.data.model" value="64"/>
    <property name="user.variant" value=""/>
    <property name="java.vendor.url" value="https://java.oracle.com/"/>
    <property name="user.timezone" value="Asia/Calcutta"/>
    <property name="os.name" value="Windows 10"/>
    <property name="java.vm.specification.version" value="21"/>
    <property name="sun.java.launcher" value="SUN_STANDARD"/>
    <property name="user.country" value="IN"/>
    <property name="sun.boot.library.path" value="C:\Program Files\Java\jdk-21\bin"/>
    <property name="sun.java.command" value="C:\Users\M.Sajin Anto\AppData\Local\Temp\surefire16024231583734325752\surefirebooter6668124642937895962.jar C:\Users\M.Sajin Anto\AppData\Local\Temp\surefire16024231583734325752 2025-03-24T15-02-39_289-jvmRun1 surefire10874557354951338417tmp surefire_07775521049120483960tmp"/>
    <property name="jdk.debug" value="release"/>
    <property name="surefire.test.class.path" value="C:\Users\M.Sajin Anto\eclipse-workspace\Bunnycart\target\test-classes;C:\Users\M.Sajin Anto\eclipse-workspace\Bunnycart\target\classes;C:\Users\M.Sajin Anto\.m2\repository\org\seleniumhq\selenium\selenium-java\4.29.0\selenium-java-4.29.0.jar;C:\Users\M.Sajin Anto\.m2\repository\org\seleniumhq\selenium\selenium-api\4.29.0\selenium-api-4.29.0.jar;C:\Users\M.Sajin Anto\.m2\repository\org\jspecify\jspecify\1.0.0\jspecify-1.0.0.jar;C:\Users\M.Sajin Anto\.m2\repository\org\seleniumhq\selenium\selenium-chrome-driver\4.29.0\selenium-chrome-driver-4.29.0.jar;C:\Users\M.Sajin Anto\.m2\repository\com\google\auto\service\auto-service-annotations\1.1.1\auto-service-annotations-1.1.1.jar;C:\Users\M.Sajin Anto\.m2\repository\org\seleniumhq\selenium\selenium-chromium-driver\4.29.0\selenium-chromium-driver-4.29.0.jar;C:\Users\M.Sajin Anto\.m2\repository\org\seleniumhq\selenium\selenium-json\4.29.0\selenium-json-4.29.0.jar;C:\Users\M.Sajin Anto\.m2\repository\org\seleniumhq\selenium\selenium-manager\4.29.0\selenium-manager-4.29.0.jar;C:\Users\M.Sajin Anto\.m2\repository\org\seleniumhq\selenium\selenium-devtools-v131\4.29.0\selenium-devtools-v131-4.29.0.jar;C:\Users\M.Sajin Anto\.m2\repository\org\seleniumhq\selenium\selenium-devtools-v132\4.29.0\selenium-devtools-v132-4.29.0.jar;C:\Users\M.Sajin Anto\.m2\repository\org\seleniumhq\selenium\selenium-devtools-v133\4.29.0\selenium-devtools-v133-4.29.0.jar;C:\Users\M.Sajin Anto\.m2\repository\org\seleniumhq\selenium\selenium-devtools-v85\4.29.0\selenium-devtools-v85-4.29.0.jar;C:\Users\M.Sajin Anto\.m2\repository\org\seleniumhq\selenium\selenium-edge-driver\4.29.0\selenium-edge-driver-4.29.0.jar;C:\Users\M.Sajin Anto\.m2\repository\org\seleniumhq\selenium\selenium-firefox-driver\4.29.0\selenium-firefox-driver-4.29.0.jar;C:\Users\M.Sajin Anto\.m2\repository\org\seleniumhq\selenium\selenium-http\4.29.0\selenium-http-4.29.0.jar;C:\Users\M.Sajin Anto\.m2\repository\org\seleniumhq\selenium\selenium-ie-driver\4.29.0\selenium-ie-driver-4.29.0.jar;C:\Users\M.Sajin Anto\.m2\repository\org\seleniumhq\selenium\selenium-remote-driver\4.29.0\selenium-remote-driver-4.29.0.jar;C:\Users\M.Sajin Anto\.m2\repository\io\opentelemetry\semconv\opentelemetry-semconv\1.28.0-alpha\opentelemetry-semconv-1.28.0-alpha.jar;C:\Users\M.Sajin Anto\.m2\repository\io\opentelemetry\opentelemetry-api\1.46.0\opentelemetry-api-1.46.0.jar;C:\Users\M.Sajin Anto\.m2\repository\io\opentelemetry\opentelemetry-context\1.46.0\opentelemetry-context-1.46.0.jar;C:\Users\M.Sajin Anto\.m2\repository\io\opentelemetry\opentelemetry-exporter-logging\1.46.0\opentelemetry-exporter-logging-1.46.0.jar;C:\Users\M.Sajin Anto\.m2\repository\io\opentelemetry\opentelemetry-sdk-common\1.46.0\opentelemetry-sdk-common-1.46.0.jar;C:\Users\M.Sajin Anto\.m2\repository\io\opentelemetry\opentelemetry-sdk-extension-autoconfigure-spi\1.46.0\opentelemetry-sdk-extension-autoconfigure-spi-1.46.0.jar;C:\Users\M.Sajin Anto\.m2\repository\io\opentelemetry\opentelemetry-sdk-extension-autoconfigure\1.46.0\opentelemetry-sdk-extension-autoconfigure-1.46.0.jar;C:\Users\M.Sajin Anto\.m2\repository\io\opentelemetry\opentelemetry-api-incubator\1.46.0-alpha\opentelemetry-api-incubator-1.46.0-alpha.jar;C:\Users\M.Sajin Anto\.m2\repository\io\opentelemetry\opentelemetry-sdk-trace\1.46.0\opentelemetry-sdk-trace-1.46.0.jar;C:\Users\M.Sajin Anto\.m2\repository\io\opentelemetry\opentelemetry-sdk\1.46.0\opentelemetry-sdk-1.46.0.jar;C:\Users\M.Sajin Anto\.m2\repository\io\opentelemetry\opentelemetry-sdk-metrics\1.46.0\opentelemetry-sdk-metrics-1.46.0.jar;C:\Users\M.Sajin Anto\.m2\repository\io\opentelemetry\opentelemetry-sdk-logs\1.46.0\opentelemetry-sdk-logs-1.46.0.jar;C:\Users\M.Sajin Anto\.m2\repository\net\bytebuddy\byte-buddy\1.15.11\byte-buddy-1.15.11.jar;C:\Users\M.Sajin Anto\.m2\repository\org\seleniumhq\selenium\selenium-os\4.29.0\selenium-os-4.29.0.jar;C:\Users\M.Sajin Anto\.m2\repository\org\apache\commons\commons-exec\1.4.0\commons-exec-1.4.0.jar;C:\Users\M.Sajin Anto\.m2\repository\org\seleniumhq\selenium\selenium-safari-driver\4.29.0\selenium-safari-driver-4.29.0.jar;C:\Users\M.Sajin Anto\.m2\repository\org\seleniumhq\selenium\selenium-support\4.29.0\selenium-support-4.29.0.jar;C:\Users\M.Sajin Anto\.m2\repository\org\testng\testng\7.10.0\testng-7.10.0.jar;C:\Users\M.Sajin Anto\.m2\repository\org\slf4j\slf4j-api\1.7.36\slf4j-api-1.7.36.jar;C:\Users\M.Sajin Anto\.m2\repository\com\beust\jcommander\1.82\jcommander-1.82.jar;C:\Users\M.Sajin Anto\.m2\repository\org\webjars\jquery\3.7.1\jquery-3.7.1.jar;C:\Users\M.Sajin Anto\.m2\repository\org\apache\poi\poi\5.3.0\poi-5.3.0.jar;C:\Users\M.Sajin Anto\.m2\repository\commons-codec\commons-codec\1.17.0\commons-codec-1.17.0.jar;C:\Users\M.Sajin Anto\.m2\repository\org\apache\commons\commons-collections4\4.4\commons-collections4-4.4.jar;C:\Users\M.Sajin Anto\.m2\repository\org\apache\commons\commons-math3\3.6.1\commons-math3-3.6.1.jar;C:\Users\M.Sajin Anto\.m2\repository\commons-io\commons-io\2.16.1\commons-io-2.16.1.jar;C:\Users\M.Sajin Anto\.m2\repository\com\zaxxer\SparseBitSet\1.3\SparseBitSet-1.3.jar;C:\Users\M.Sajin Anto\.m2\repository\org\apache\logging\log4j\log4j-api\2.23.1\log4j-api-2.23.1.jar;C:\Users\M.Sajin Anto\.m2\repository\org\apache\poi\poi-ooxml\5.3.0\poi-ooxml-5.3.0.jar;C:\Users\M.Sajin Anto\.m2\repository\org\apache\poi\poi-ooxml-lite\5.3.0\poi-ooxml-lite-5.3.0.jar;C:\Users\M.Sajin Anto\.m2\repository\org\apache\xmlbeans\xmlbeans\5.2.1\xmlbeans-5.2.1.jar;C:\Users\M.Sajin Anto\.m2\repository\org\apache\commons\commons-compress\1.26.2\commons-compress-1.26.2.jar;C:\Users\M.Sajin Anto\.m2\repository\org\apache\commons\commons-lang3\3.14.0\commons-lang3-3.14.0.jar;C:\Users\M.Sajin Anto\.m2\repository\com\github\virtuald\curvesapi\1.08\curvesapi-1.08.jar;C:\Users\M.Sajin Anto\.m2\repository\com\github\sdrss\reportng\2.7.0\reportng-2.7.0.jar;C:\Users\M.Sajin Anto\.m2\repository\velocity\velocity\1.5\velocity-1.5.jar;C:\Users\M.Sajin Anto\.m2\repository\commons-collections\commons-collections\3.1\commons-collections-3.1.jar;C:\Users\M.Sajin Anto\.m2\repository\commons-lang\commons-lang\2.1\commons-lang-2.1.jar;C:\Users\M.Sajin Anto\.m2\repository\oro\oro\2.0.8\oro-2.0.8.jar;C:\Users\M.Sajin Anto\.m2\repository\com\fasterxml\jackson\core\jackson-core\2.10.1\jackson-core-2.10.1.jar;C:\Users\M.Sajin Anto\.m2\repository\com\fasterxml\jackson\core\jackson-databind\2.12.7.1\jackson-databind-2.12.7.1.jar;C:\Users\M.Sajin Anto\.m2\repository\com\fasterxml\jackson\core\jackson-annotations\2.10.1\jackson-annotations-2.10.1.jar;C:\Users\M.Sajin Anto\.m2\repository\com\google\inject\guice\7.0.0\guice-7.0.0.jar;C:\Users\M.Sajin Anto\.m2\repository\jakarta\inject\jakarta.inject-api\2.0.1\jakarta.inject-api-2.0.1.jar;C:\Users\M.Sajin Anto\.m2\repository\aopalliance\aopalliance\1.0\aopalliance-1.0.jar;C:\Users\M.Sajin Anto\.m2\repository\com\google\guava\guava\31.0.1-jre\guava-31.0.1-jre.jar;C:\Users\M.Sajin Anto\.m2\repository\com\google\guava\failureaccess\1.0.1\failureaccess-1.0.1.jar;C:\Users\M.Sajin Anto\.m2\repository\com\google\guava\listenablefuture\9999.0-empty-to-avoid-conflict-with-guava\listenablefuture-9999.0-empty-to-avoid-conflict-with-guava.jar;C:\Users\M.Sajin Anto\.m2\repository\com\google\code\findbugs\jsr305\3.0.2\jsr305-3.0.2.jar;C:\Users\M.Sajin Anto\.m2\repository\org\checkerframework\checker-qual\3.12.0\checker-qual-3.12.0.jar;C:\Users\M.Sajin Anto\.m2\repository\com\google\errorprone\error_prone_annotations\2.7.1\error_prone_annotations-2.7.1.jar;C:\Users\M.Sajin Anto\.m2\repository\com\google\j2objc\j2objc-annotations\1.3\j2objc-annotations-1.3.jar;C:\Users\M.Sajin Anto\.m2\repository\com\aventstack\extentreports\5.1.2\extentreports-5.1.2.jar;C:\Users\M.Sajin Anto\.m2\repository\io\reactivex\rxjava3\rxjava\3.1.6\rxjava-3.1.6.jar;C:\Users\M.Sajin Anto\.m2\repository\org\reactivestreams\reactive-streams\1.0.4\reactive-streams-1.0.4.jar;C:\Users\M.Sajin Anto\.m2\repository\org\freemarker\freemarker\2.3.32\freemarker-2.3.32.jar;C:\Users\M.Sajin Anto\.m2\repository\org\projectlombok\lombok\1.18.26\lombok-1.18.26.jar;C:\Users\M.Sajin Anto\.m2\repository\com\google\code\gson\gson\2.10.1\gson-2.10.1.jar;C:\Users\M.Sajin Anto\.m2\repository\io\qameta\allure\allure-testng\2.29.0\allure-testng-2.29.0.jar;C:\Users\M.Sajin Anto\.m2\repository\io\qameta\allure\allure-java-commons\2.29.0\allure-java-commons-2.29.0.jar;C:\Users\M.Sajin Anto\.m2\repository\io\qameta\allure\allure-model\2.29.0\allure-model-2.29.0.jar;C:\Users\M.Sajin Anto\.m2\repository\io\qameta\allure\allure-test-filter\2.29.0\allure-test-filter-2.29.0.jar;C:\Users\M.Sajin Anto\.m2\repository\io\cucumber\cucumber-java\7.21.1\cucumber-java-7.21.1.jar;C:\Users\M.Sajin Anto\.m2\repository\org\apiguardian\apiguardian-api\1.1.2\apiguardian-api-1.1.2.jar;C:\Users\M.Sajin Anto\.m2\repository\io\cucumber\cucumber-picocontainer\7.21.1\cucumber-picocontainer-7.21.1.jar;C:\Users\M.Sajin Anto\.m2\repository\org\picocontainer\picocontainer\2.15\picocontainer-2.15.jar;C:\Users\M.Sajin Anto\.m2\repository\io\cucumber\cucumber-core\7.21.1\cucumber-core-7.21.1.jar;C:\Users\M.Sajin Anto\.m2\repository\io\cucumber\cucumber-gherkin\7.21.1\cucumber-gherkin-7.21.1.jar;C:\Users\M.Sajin Anto\.m2\repository\io\cucumber\cucumber-gherkin-messages\7.21.1\cucumber-gherkin-messages-7.21.1.jar;C:\Users\M.Sajin Anto\.m2\repository\io\cucumber\messages\27.2.0\messages-27.2.0.jar;C:\Users\M.Sajin Anto\.m2\repository\io\cucumber\testng-xml-formatter\0.3.1\testng-xml-formatter-0.3.1.jar;C:\Users\M.Sajin Anto\.m2\repository\io\cucumber\query\13.2.0\query-13.2.0.jar;C:\Users\M.Sajin Anto\.m2\repository\io\cucumber\tag-expressions\6.1.2\tag-expressions-6.1.2.jar;C:\Users\M.Sajin Anto\.m2\repository\io\cucumber\cucumber-expressions\18.0.1\cucumber-expressions-18.0.1.jar;C:\Users\M.Sajin Anto\.m2\repository\io\cucumber\datatable\7.21.1\datatable-7.21.1.jar;C:\Users\M.Sajin Anto\.m2\repository\io\cucumber\cucumber-plugin\7.21.1\cucumber-plugin-7.21.1.jar;C:\Users\M.Sajin Anto\.m2\repository\io\cucumber\docstring\7.21.1\docstring-7.21.1.jar;C:\Users\M.Sajin Anto\.m2\repository\io\cucumber\html-formatter\21.9.0\html-formatter-21.9.0.jar;C:\Users\M.Sajin Anto\.m2\repository\io\cucumber\junit-xml-formatter\0.7.1\junit-xml-formatter-0.7.1.jar;C:\Users\M.Sajin Anto\.m2\repository\io\cucumber\ci-environment\10.0.1\ci-environment-10.0.1.jar;C:\Users\M.Sajin Anto\.m2\repository\io\cucumber\cucumber-testng\7.21.1\cucumber-testng-7.21.1.jar;C:\Users\M.Sajin Anto\.m2\repository\io\cucumber\gherkin\32.0.0\gherkin-32.0.0.jar;C:\Users\M.Sajin Anto\.m2\repository\io\cucumber\cucumber-junit\7.21.1\cucumber-junit-7.21.1.jar;C:\Users\M.Sajin Anto\.m2\repository\junit\junit\4.13.2\junit-4.13.2.jar;C:\Users\M.Sajin Anto\.m2\repository\org\hamcrest\hamcrest-core\1.3\hamcrest-core-1.3.jar;C:\Users\M.Sajin Anto\.m2\repository\org\slf4j\slf4j-simple\2.0.9\slf4j-simple-2.0.9.jar;"/>
    <property name="sun.cpu.endian" value="little"/>
    <property name="user.home" value="C:\Users\M.Sajin Anto"/>
    <property name="user.language" value="en"/>
    <property name="java.specification.vendor" value="Oracle Corporation"/>
    <property name="java.version.date" value="2025-01-21"/>
    <property name="java.home" value="C:\Program Files\Java\jdk-21"/>
    <property name="file.separator" value="\"/>
    <property name="basedir" value="C:\Users\M.Sajin Anto\eclipse-workspace\Bunnycart"/>
    <property name="style.color" value="always"/>
    <property name="java.vm.compressedOopsMode" value="32-bit"/>
    <property name="line.separator" value="&#10;"/>
    <property name="testng.Failed" value="0"/>
    <property name="java.vm.specification.vendor" value="Oracle Corporation"/>
    <property name="java.specification.name" value="Java Platform API Specification"/>
    <property name="surefire.real.class.path" value="C:\Users\M.Sajin Anto\AppData\Local\Temp\surefire16024231583734325752\surefirebooter6668124642937895962.jar"/>
    <property name="user.script" value=""/>
    <property name="sun.management.compiler" value="HotSpot 64-Bit Tiered Compilers"/>
    <property name="java.runtime.version" value="21.0.6+8-LTS-188"/>
    <property name="user.name" value="M.Sajin Anto"/>
    <property name="stdout.encoding" value="Cp1252"/>
    <property name="path.separator" value=";"/>
    <property name="os.version" value="10.0"/>
    <property name="testng.KnownDefect" value="0"/>
    <property name="java.runtime.name" value="Java(TM) SE Runtime Environment"/>
    <property name="file.encoding" value="UTF-8"/>
    <property name="testng.Fixed" value="0"/>
    <property name="java.vm.name" value="Java HotSpot(TM) 64-Bit Server VM"/>
    <property name="localRepository" value="C:\Users\M.Sajin Anto\.m2\repository"/>
    <property name="java.vendor.url.bug" value="https://bugreport.java.com/bugreport/"/>
    <property name="java.io.tmpdir" value="C:\Users\M6B0C~1.SAJ\AppData\Local\Temp\"/>
    <property name="java.version" value="21.0.6"/>
    <property name="user.dir" value="C:\Users\M.Sajin Anto\eclipse-workspace\Bunnycart"/>
    <property name="os.arch" value="amd64"/>
    <property name="java.vm.specification.name" value="Java Virtual Machine Specification"/>
    <property name="sun.os.patch.level" value=""/>
    <property name="native.encoding" value="Cp1252"/>
    <property name="java.library.path" value="C:\Program Files\Java\jdk-21\bin;C:\WINDOWS\Sun\Java\bin;C:\WINDOWS\system32;C:\WINDOWS;C:/Users/M.Sajin Anto/.p2/pool/plugins/org.eclipse.justj.openjdk.hotspot.jre.full.win32.x86_64_23.0.2.v20250131-0604/jre/bin/server;C:/Users/M.Sajin Anto/.p2/pool/plugins/org.eclipse.justj.openjdk.hotspot.jre.full.win32.x86_64_23.0.2.v20250131-0604/jre/bin;C:\Program Files\Common Files\Oracle\Java\javapath;C:\Program Files (x86)\Common Files\Oracle\Java\javapath;C:\Windows\System32\WindowsPowerShell\v1.0\;C:\Windows\system32;C:\Windows;C:\Windows\System32\Wbem;C:\Program Files (x86)\Windows Kits\8.1\Windows Performance Toolkit\;C:\Program Files\Microsoft SQL Server\Client SDK\ODBC\110\Tools\Binn\;C:\Program Files (x86)\Microsoft SQL Server\120\Tools\Binn\;C:\Program Files\Microsoft SQL Server\120\Tools\Binn\;C:\Program Files\Microsoft SQL Server\120\DTS\Binn\;C:\WINDOWS\system32;C:\WINDOWS;C:\WINDOWS\System32\Wbem;C:\WINDOWS\System32\WindowsPowerShell\v1.0\;C:\WINDOWS\System32\OpenSSH\;C:\Program Files\MySQL\MySQL Server 8.0\bin;D:\jar file\allure-2.33.0;D:\jar file\allure-2.33.0\bin;C:\Program Files\Git\cmd;c:\Program Files\Java\jdk-21\bin;D:\maven\apache-maven-3.9.9;C:\Program Files\MySQL\MySQL Shell 8.0\bin\;C:\Users\M.Sajin Anto\AppData\Local\Microsoft\WindowsApps;C:\Users\M.Sajin Anto\AppData\Local\gitkraken\bin;C:\Users\M.Sajin Anto\AppData\Local\Programs\Microsoft VS Code\bin;C:\Users\M.Sajin Anto\eclipse\java-2024-12\eclipse;;."/>
    <property name="java.vm.info" value="mixed mode, sharing"/>
    <property name="stderr.encoding" value="Cp1252"/>
    <property name="java.vendor" value="Oracle Corporation"/>
    <property name="java.vm.version" value="21.0.6+8-LTS-188"/>
    <property name="sun.io.unicode.encoding" value="UnicodeLittle"/>
    <property name="testng.Passed" value="8"/>
    <property name="java.class.version" value="65.0"/>
  </properties>
  <testcase name="runScenario[&quot;To check invalid data registration&quot;, &quot;User registration on Bunnycart&quot;](1)" classname="com.bunnycart.TestRunner.testRunner1" time="63.225">
    <system-out><![CDATA[
Scenario: To check invalid data registration                                            # src/test/resources/com.bunnycart.feature/CreateAccount.feature:10
  Given User opens the Browser                                                          # com.bunnycart.StepDefinition.scenario1.user_opens_the_browser()
  And User navigates to the "https://www.bunnycart.com/aquatic-plants/duckweed" webpage # com.bunnycart.StepDefinition.scenario1.user_navigates_to_the_webpage(java.lang.String)
clicked the creat account link
  Then User clicks on creat account                                                     # com.bunnycart.StepDefinition.scenario1.user_clicks_on_creat_account()
Entered the Firstname
  And User enters '<First name>' in First name                                          # com.bunnycart.StepDefinition.scenario1.user_enters_in_first_name(java.lang.String)
Entered the Firstname
  And User enters '<Last name>' in Last name                                            # com.bunnycart.StepDefinition.scenario1.user_enters_in_last_name(java.lang.String)
Entered the Email
  And User enters '<Email>' in Email                                                    # com.bunnycart.StepDefinition.scenario1.user_enters_in_email(java.lang.String)
Entered the Password
  And User enters '<Password>' in Password                                              # com.bunnycart.StepDefinition.scenario1.user_enters_in_password(java.lang.String)
Entered the ConfirmPassword
  And User enters invaliddata in Confirm Password '<Confirm Password>'                  # com.bunnycart.StepDefinition.scenario1.user_enters_invaliddata_in_confirm_password(java.lang.String)
Entered the Whatsapp number
  And User enters '< WhatsApp Number>' in WhatsApp Number                               # com.bunnycart.StepDefinition.scenario1.user_enters_in_whats_app_number(java.lang.String)
clicked the creataccount button
  And User click on the creat button                                                    # com.bunnycart.StepDefinition.scenario1.user_click_on_the_creat_button()
Failed to registered
  And User verify an error message                                                      # com.bunnycart.StepDefinition.scenario1.user_verify_an_error_message()
  And user close the browser                                                            # com.bunnycart.StepDefinition.scenario1.user_close_the_browser()
]]></system-out>
    <system-err><![CDATA[SLF4J: Failed to load class "org.slf4j.impl.StaticLoggerBinder".
SLF4J: Defaulting to no-operation (NOP) logger implementation
SLF4J: See http://www.slf4j.org/codes.html#StaticLoggerBinder for further details.
Mar 24, 2025 3:03:08 PM org.openqa.selenium.devtools.CdpVersionFinder findNearestMatch
WARNING: Unable to find an exact match for CDP version 134, returning the closest version; found: 133; Please update to a Selenium version that supports CDP version 134
]]></system-err>
  </testcase>
  <testcase name="runScenario[&quot;To check valid data registration&quot;, &quot;User registration on Bunnycart&quot;](2)" classname="com.bunnycart.TestRunner.testRunner1" time="29.246">
    <system-out><![CDATA[
Scenario Outline: To check valid data registration                                      # src/test/resources/com.bunnycart.feature/CreateAccount.feature:24
  Given User opens the Browser                                                          # com.bunnycart.StepDefinition.scenario1.user_opens_the_browser()
  And User navigates to the "https://www.bunnycart.com/aquatic-plants/duckweed" webpage # com.bunnycart.StepDefinition.scenario1.user_navigates_to_the_webpage(java.lang.String)
clicked the creat account link
  Then User clicks on creat account                                                     # com.bunnycart.StepDefinition.scenario1.user_clicks_on_creat_account()
Entered the Firstname
  And User enters '<First name>' in First name                                          # com.bunnycart.StepDefinition.scenario1.user_enters_in_first_name(java.lang.String)
Entered the Firstname
  And User enters '<Last name>' in Last name                                            # com.bunnycart.StepDefinition.scenario1.user_enters_in_last_name(java.lang.String)
Entered the Email
  And User enters '<Email>' in Email                                                    # com.bunnycart.StepDefinition.scenario1.user_enters_in_email(java.lang.String)
Entered the Password
  And User enters '<Password>' in Password                                              # com.bunnycart.StepDefinition.scenario1.user_enters_in_password(java.lang.String)
Entered the ConfirmPassword
  And User enters validata in Confirm Password '                                        # com.bunnycart.StepDefinition.scenario1.user_enters_validata_in_confirm_password()
Entered the Whatsapp number
  And User enters '< WhatsApp Number>' in WhatsApp Number                               # com.bunnycart.StepDefinition.scenario1.user_enters_in_whats_app_number(java.lang.String)
clicked the creataccount button
  And User click on the creat button                                                    # com.bunnycart.StepDefinition.scenario1.user_click_on_the_creat_button()
Successfully registered to bunnycart
  And User verify an successfully registered message                                    # com.bunnycart.StepDefinition.scenario1.user_verify_an_successfully_registered_message()
  And user close the browser                                                            # com.bunnycart.StepDefinition.scenario1.user_close_the_browser()
]]></system-out>
    <system-err><![CDATA[Mar 24, 2025 3:03:57 PM org.openqa.selenium.devtools.CdpVersionFinder findNearestMatch
WARNING: Unable to find an exact match for CDP version 134, returning the closest version; found: 133; Please update to a Selenium version that supports CDP version 134
]]></system-err>
  </testcase>
  <testcase name="runScenario[&quot;To check valid data registration&quot;, &quot;User registration on Bunnycart&quot;](3)" classname="com.bunnycart.TestRunner.testRunner1" time="33.973">
    <system-out><![CDATA[
Scenario Outline: To check valid data registration                                      # src/test/resources/com.bunnycart.feature/CreateAccount.feature:25
  Given User opens the Browser                                                          # com.bunnycart.StepDefinition.scenario1.user_opens_the_browser()
  And User navigates to the "https://www.bunnycart.com/aquatic-plants/duckweed" webpage # com.bunnycart.StepDefinition.scenario1.user_navigates_to_the_webpage(java.lang.String)
clicked the creat account link
  Then User clicks on creat account                                                     # com.bunnycart.StepDefinition.scenario1.user_clicks_on_creat_account()
Entered the Firstname
  And User enters '<First name>' in First name                                          # com.bunnycart.StepDefinition.scenario1.user_enters_in_first_name(java.lang.String)
Entered the Firstname
  And User enters '<Last name>' in Last name                                            # com.bunnycart.StepDefinition.scenario1.user_enters_in_last_name(java.lang.String)
Entered the Email
  And User enters '<Email>' in Email                                                    # com.bunnycart.StepDefinition.scenario1.user_enters_in_email(java.lang.String)
Entered the Password
  And User enters '<Password>' in Password                                              # com.bunnycart.StepDefinition.scenario1.user_enters_in_password(java.lang.String)
  And User enters validata in Confirm Password 'Bani2000@                               # com.bunnycart.StepDefinition.scenario1.user_enters_validata_in_confirm_password_bani2000()
Entered the Whatsapp number
  And User enters '< WhatsApp Number>' in WhatsApp Number                               # com.bunnycart.StepDefinition.scenario1.user_enters_in_whats_app_number(java.lang.String)
clicked the creataccount button
  And User click on the creat button                                                    # com.bunnycart.StepDefinition.scenario1.user_click_on_the_creat_button()
Successfully registered to bunnycart
  And User verify an successfully registered message                                    # com.bunnycart.StepDefinition.scenario1.user_verify_an_successfully_registered_message()
  And user close the browser                                                            # com.bunnycart.StepDefinition.scenario1.user_close_the_browser()
]]></system-out>
    <system-err><![CDATA[Mar 24, 2025 3:04:31 PM org.openqa.selenium.devtools.CdpVersionFinder findNearestMatch
WARNING: Unable to find an exact match for CDP version 134, returning the closest version; found: 133; Please update to a Selenium version that supports CDP version 134
]]></system-err>
  </testcase>
  <testcase name="runScenario[&quot;To sign in and add a product to cart&quot;, &quot;Unknown&quot;](1)" classname="com.bunnycart.TestRunner.testRunner2" time="92.388">
    <system-out><![CDATA[
Scenario: To sign in and add a product to cart                                          # src/test/resources/com.bunnycart.feature/Signin_AddProduct_to_cart.feature:15
  Given User opens the Browser                                                          # com.bunnycart.StepDefinition.scenario1.user_opens_the_browser()
  And User navigates to the "https://www.bunnycart.com/aquatic-plants/duckweed" webpage # com.bunnycart.StepDefinition.scenario1.user_navigates_to_the_webpage(java.lang.String)
clicked the signin link
  Then User clicks on Sign in                                                           # com.bunnycart.StepDefinition.scenario2.user_clicks_on_sign_in()
2025-03-24T09:35:23.884097600Z main ERROR Log4j2 could not find a logging implementation. Please add log4j-core to the classpath. Using SimpleLogger to log to the console...
banishmadurai@gmail.com
Bani2000@
Entered the Email
Entered the Password
Screenshot saved at: C:\Users\M.Sajin Anto\eclipse-workspace\Bunnycart\target\ScreenShot\ScreenShot2.png
  And User enters the Sign in datas                                                     # com.bunnycart.StepDefinition.scenario2.user_enters_the_sign_in_datas(io.cucumber.datatable.DataTable)
    | bunnycart data.xlsx |
clicked the signin button
  And User clicks on Sign in button                                                     # com.bunnycart.StepDefinition.scenario2.user_clicks_on_sign_in_button()
searched the product1
  And User search for a product                                                         # com.bunnycart.StepDefinition.scenario2.user_search_for_a_product()
searched the product2
  Then User select a product                                                            # com.bunnycart.StepDefinition.scenario2.user_select_a_product()
searched the product3
  And User add a product to cart                                                        # com.bunnycart.StepDefinition.scenario2.user_add_a_product_to_cart()
  And User close the browser                                                            # com.bunnycart.StepDefinition.scenario2.user_close_the_browser()
]]></system-out>
    <system-err><![CDATA[Mar 24, 2025 3:05:00 PM org.openqa.selenium.devtools.CdpVersionFinder findNearestMatch
WARNING: Unable to find an exact match for CDP version 134, returning the closest version; found: 133; Please update to a Selenium version that supports CDP version 134
Mar 24, 2025 3:05:37 PM org.openqa.selenium.devtools.CdpVersionFinder findNearestMatch
WARNING: Unable to find an exact match for CDP version 134, returning the closest version; found: 133; Please update to a Selenium version that supports CDP version 134
]]></system-err>
  </testcase>
  <testcase name="runScenario[&quot;To check login with invalid data&quot;, &quot;To check sing in with valid and invalid datas&quot;](1)" classname="com.bunnycart.TestRunner.testRunner3" time="37.496">
    <system-out><![CDATA[
Scenario: To check login with invalid data                                              # src/test/resources/com.bunnycart.feature/SignIn_valid_invalid.feature:7
  Given User opens the browser                                                          # com.bunnycart.StepDefinition.scenario3.user_opens_the_browser()
  And User navigates to the "https://www.bunnycart.com/aquatic-plants/duckweed" webpage # com.bunnycart.StepDefinition.scenario1.user_navigates_to_the_webpage(java.lang.String)
clicked the signin link
  Then User clicks on sign in                                                           # com.bunnycart.StepDefinition.scenario3.user_clicks_on_sign_in()
Entered the Email
Screenshot saved at: C:\Users\M.Sajin Anto\eclipse-workspace\Bunnycart\target\ScreenShot\Screen shot3.png
  And User enter the '<Email>' in Email                                                 # com.bunnycart.StepDefinition.scenario3.user_enter_the_in_email(java.lang.String)
Entered the Password
  And User enters the invalid '<Wrong Password>' in Password                            # com.bunnycart.StepDefinition.scenario3.user_enters_the_invalid_in_password(java.lang.String)
Clicked the signin
  And User click on sign in button                                                      # com.bunnycart.StepDefinition.scenario3.user_click_on_sign_in_button()
  And User closes the browser                                                           # com.bunnycart.StepDefinition.scenario3.user_closes_the_browser()
]]></system-out>
    <system-err><![CDATA[Mar 24, 2025 3:06:33 PM org.openqa.selenium.devtools.CdpVersionFinder findNearestMatch
WARNING: Unable to find an exact match for CDP version 134, returning the closest version; found: 133; Please update to a Selenium version that supports CDP version 134
Mar 24, 2025 3:07:04 PM org.openqa.selenium.devtools.CdpVersionFinder findNearestMatch
WARNING: Unable to find an exact match for CDP version 134, returning the closest version; found: 133; Please update to a Selenium version that supports CDP version 134
]]></system-err>
  </testcase>
  <testcase name="runScenario[&quot;To check login with valid datas&quot;, &quot;To check sing in with valid and invalid datas&quot;](2)" classname="com.bunnycart.TestRunner.testRunner3" time="44.093">
    <system-out><![CDATA[
Scenario Outline: To check login with valid datas                                       # src/test/resources/com.bunnycart.feature/SignIn_valid_invalid.feature:16
  Given User opens the browser                                                          # com.bunnycart.StepDefinition.scenario3.user_opens_the_browser()
  And User navigates to the "https://www.bunnycart.com/aquatic-plants/duckweed" webpage # com.bunnycart.StepDefinition.scenario1.user_navigates_to_the_webpage(java.lang.String)
clicked the signin link
  Then User clicks on sign in                                                           # com.bunnycart.StepDefinition.scenario3.user_clicks_on_sign_in()
Failed to enter emailelement not interactable
  (Session info: chrome=134.0.6998.165)
Build info: version: '4.29.0', revision: '5fc1ec94cb'
System info: os.name: 'Windows 10', os.arch: 'amd64', os.version: '10.0', java.version: '21.0.6'
Driver info: org.openqa.selenium.chrome.ChromeDriver
Command: [83fbd140385bea7c5a0f9eb1d14bc9ad, sendKeysToElement {value=[Ljava.lang.CharSequence;@799fb45e, id=f.497E70A780CB8BEAD16BCF69EF4D91D0.d.ACE81EF65E808233500A57A1DFFFF097.e.92}]
Capabilities {acceptInsecureCerts: false, browserName: chrome, browserVersion: 134.0.6998.165, chrome: {chromedriverVersion: 134.0.6998.165 (fd886e2cb29..., userDataDir: C:\Users\M6B0C~1.SAJ\AppDat...}, fedcm:accounts: true, goog:chromeOptions: {debuggerAddress: localhost:62556}, networkConnectionEnabled: false, pageLoadStrategy: normal, platformName: windows, proxy: Proxy(), se:cdp: ws://localhost:62556/devtoo..., se:cdpVersion: 134.0.6998.165, setWindowRect: true, strictFileInteractability: false, timeouts: {implicit: 0, pageLoad: 300000, script: 30000}, unhandledPromptBehavior: dismiss and notify, webauthn:extension:credBlob: true, webauthn:extension:largeBlob: true, webauthn:extension:minPinLength: true, webauthn:extension:prf: true, webauthn:virtualAuthenticators: true}
Element: [[ChromeDriver: chrome on windows (83fbd140385bea7c5a0f9eb1d14bc9ad)] -> xpath: //input[@id='email-login']]
Session ID: 83fbd140385bea7c5a0f9eb1d14bc9ad
Screenshot saved at: C:\Users\M.Sajin Anto\eclipse-workspace\Bunnycart\target\ScreenShot\Screen shot3.png
  And User enter the '<Email>' in Email                                                 # com.bunnycart.StepDefinition.scenario3.user_enter_the_in_email(java.lang.String)
Entered the Password
  And User enters the valis data 'Bani2000@' in Password                                # com.bunnycart.StepDefinition.scenario3.user_enters_the_valis_data_in_password(java.lang.String)
Clicked the signin
  And User click on sign in button                                                      # com.bunnycart.StepDefinition.scenario3.user_click_on_sign_in_button()
]]></system-out>
    <system-err><![CDATA[Mar 24, 2025 3:07:18 PM org.openqa.selenium.devtools.CdpVersionFinder findNearestMatch
WARNING: Unable to find an exact match for CDP version 134, returning the closest version; found: 133; Please update to a Selenium version that supports CDP version 134
Mar 24, 2025 3:07:51 PM org.openqa.selenium.devtools.CdpVersionFinder findNearestMatch
WARNING: Unable to find an exact match for CDP version 134, returning the closest version; found: 133; Please update to a Selenium version that supports CDP version 134
]]></system-err>
  </testcase>
  <testcase name="runScenario[&quot;To sign in and add multiple product to cart&quot;, &quot;Unknown&quot;](1)" classname="com.bunnycart.TestRunner.testRunner4" time="165.937">
    <system-out><![CDATA[
Scenario: To sign in and add multiple product to cart                                   # src/test/resources/com.bunnycart.feature/Signin _add_Multipleproducts.feature:18
  Given User opens the Browser                                                          # com.bunnycart.StepDefinition.scenario1.user_opens_the_browser()
  And User navigates to the "https://www.bunnycart.com/aquatic-plants/duckweed" webpage # com.bunnycart.StepDefinition.scenario1.user_navigates_to_the_webpage(java.lang.String)
clicked the signin link
  Then User clicks on Sign in                                                           # com.bunnycart.StepDefinition.scenario2.user_clicks_on_sign_in()
Entered the Email
  And User enter the 'banishmadurai@gmail.com' in Email field                           # com.bunnycart.StepDefinition.scenario4.user_enter_the_in_email_field(java.lang.String)
Entered the Password
  And User enters the 'Banishma2000@' in Password field                                 # com.bunnycart.StepDefinition.scenario4.user_enters_the_in_password_field(java.lang.String)
Clicked the signin
Screenshot saved at: C:\Users\M.Sajin Anto\eclipse-workspace\Bunnycart\target\ScreenShot\Screenshot4.png
  And User click the Sign in button to login                                            # com.bunnycart.StepDefinition.scenario4.user_click_the_sign_in_button_to_login()
Searching Product1
  Then User search for product1                                                         # com.bunnycart.StepDefinition.scenario4.user_search_for_product1()
Clicked Addto Cart
  And User add product1 to cart                                                         # com.bunnycart.StepDefinition.scenario4.user_add_product1_to_cart()
Entered search text: Hairgrass
Clicked on Product2
Searching product2
  Then User search for product2                                                         # com.bunnycart.StepDefinition.scenario4.user_search_for_product2()
Clicked Addto Cart
  And User add product2 to cart                                                         # com.bunnycart.StepDefinition.scenario4.user_add_product2_to_cart()
Searching product3
  Then User search for product3                                                         # com.bunnycart.StepDefinition.scenario4.user_search_for_product3()
Clicked Addto Cart
  And User add product3 to cart                                                         # com.bunnycart.StepDefinition.scenario4.user_add_product3_to_cart()
  And User close the browser                                                            # com.bunnycart.StepDefinition.scenario2.user_close_the_browser()
]]></system-out>
    <system-err><![CDATA[Mar 24, 2025 3:08:08 PM org.openqa.selenium.devtools.CdpVersionFinder findNearestMatch
WARNING: Unable to find an exact match for CDP version 134, returning the closest version; found: 133; Please update to a Selenium version that supports CDP version 134
Mar 24, 2025 3:09:28 PM org.openqa.selenium.devtools.CdpVersionFinder findNearestMatch
WARNING: Unable to find an exact match for CDP version 134, returning the closest version; found: 133; Please update to a Selenium version that supports CDP version 134
]]></system-err>
  </testcase>
  <testcase name="runScenario[&quot;To check the user signout process&quot;, &quot;Unknown&quot;](1)" classname="com.bunnycart.TestRunner.testRunner5" time="76.109">
    <system-out><![CDATA[
Scenario: To check the user signout process                                             # src/test/resources/com.bunnycart.feature/Signin_Logout.feature:13
  Given User opens the browser                                                          # com.bunnycart.StepDefinition.scenario3.user_opens_the_browser()
  And User navigates to the "https://www.bunnycart.com/aquatic-plants/duckweed" webpage # com.bunnycart.StepDefinition.scenario1.user_navigates_to_the_webpage(java.lang.String)
clicked the signin link
  Then User clicks on Sign in                                                           # com.bunnycart.StepDefinition.scenario2.user_clicks_on_sign_in()
Entered the email
  And User enter the 'banishmadurai@gmail.com' Email field                              # com.bunnycart.StepDefinition.scenario5.user_enter_the_email_field(java.lang.String)
Entered the Password
  And User enters the 'Banishma2000@' Password field                                    # com.bunnycart.StepDefinition.scenario5.user_enters_the_password_field(java.lang.String)
Clicked the Sign In button
  And User click on Sign in button to login                                             # com.bunnycart.StepDefinition.scenario5.user_click_on_sign_in_button_to_login()
Clicked the sign out button
  And User click on Sign out button                                                     # com.bunnycart.StepDefinition.scenario5.user_click_on_sign_out_button()
  And User closes the browser                                                           # com.bunnycart.StepDefinition.scenario3.user_closes_the_browser()
]]></system-out>
    <system-err><![CDATA[Mar 24, 2025 3:10:51 PM org.openqa.selenium.devtools.CdpVersionFinder findNearestMatch
WARNING: Unable to find an exact match for CDP version 134, returning the closest version; found: 133; Please update to a Selenium version that supports CDP version 134
]]></system-err>
  </testcase>
</testsuite>