<?xml version="1.0" encoding="UTF-8"?>
<!-- Generated by org.testng.reporters.JUnitReportReporter -->
<testsuite hostname="LAPTOP-HH6501NJ" failures="0" tests="1" name="com.bunnycart.TestRunner.testRunner2" time="94.411" errors="0" timestamp="2025-03-24T16:01:34 IST" skipped="0">
  <testcase classname="com.bunnycart.TestRunner.testRunner2" name="runScenario" time="94.411"/>
</testsuite> <!-- com.bunnycart.TestRunner.testRunner2 -->
