<?xml version="1.0" encoding="UTF-8"?>
<!-- Generated by org.testng.reporters.JUnitReportReporter -->
<testsuite hostname="LAPTOP-HH6501NJ" failures="0" tests="3" name="com.bunnycart.TestRunner.testRunner1" time="143.954" errors="0" timestamp="2025-03-24T15:50:28 IST" skipped="0">
  <testcase classname="com.bunnycart.TestRunner.testRunner1" name="runScenario" time="34.579"/>
  <testcase classname="com.bunnycart.TestRunner.testRunner1" name="runScenario" time="39.109"/>
  <testcase classname="com.bunnycart.TestRunner.testRunner1" name="runScenario" time="70.266"/>
</testsuite> <!-- com.bunnycart.TestRunner.testRunner1 -->
