<?xml version="1.0" encoding="UTF-8"?>
<!-- Generated by org.testng.reporters.JUnitReportReporter -->
<testsuite hostname="LAPTOP-HH6501NJ" failures="0" tests="1" name="com.bunnycart.TestRunner.testRunner4" time="130.504" errors="0" timestamp="2025-03-22T15:15:09 IST" skipped="0">
  <testcase classname="com.bunnycart.TestRunner.testRunner4" name="runScenario" time="130.504"/>
</testsuite> <!-- com.bunnycart.TestRunner.testRunner4 -->
