<?xml version="1.0" encoding="UTF-8"?>
<!-- Generated by org.testng.reporters.JUnitReportReporter -->
<testsuite hostname="LAPTOP-HH6501NJ" failures="0" tests="1" name="com.bunnycart.TestRunner.testRunner5" time="22.456" errors="0" timestamp="2025-03-22T14:21:22 IST" skipped="0">
  <testcase classname="com.bunnycart.TestRunner.testRunner5" name="runScenario" time="22.456"/>
</testsuite> <!-- com.bunnycart.TestRunner.testRunner5 -->
