<?xml version="1.0" encoding="UTF-8"?>
<!-- Generated by org.testng.reporters.JUnitReportReporter -->
<testsuite hostname="LAPTOP-HH6501NJ" failures="0" tests="2" name="com.bunnycart.TestRunner.testRunner3" time="61.070" errors="0" timestamp="2025-03-21T21:51:25 IST" skipped="0">
  <testcase classname="com.bunnycart.TestRunner.testRunner3" name="runScenario" time="32.977"/>
  <testcase classname="com.bunnycart.TestRunner.testRunner3" name="runScenario" time="28.093"/>
</testsuite> <!-- com.bunnycart.TestRunner.testRunner3 -->
